Build started 7/14/2021 3:57:11 PM.
     1>Project "C:\Users\Youssef Mostafa\Desktop\Project7\Project7\Project7.vcxproj" on node 2 (Build target(s)).
     1>ClCompile:
         C:\Program Files (x86)\Microsoft Visual Studio 11.0\VC\bin\CL.exe /c /AI"C:\Program Files (x86)\Reference Assemblies\Microsoft\Framework\.NETFramework\v4.5\\" /AI"C:\Program Files (x86)\Windows Kits\8.0\References\CommonConfiguration\Neutral" /AI"C:\Program Files (x86)\Reference Assemblies\Microsoft\Framework\.NETFramework\v4.5\Facades\\" /Zi /clr /nologo /W3 /WX- /Od /Oy- /D WIN32 /D _DEBUG /D _UNICODE /D UNICODE /EHa /MDd /GS /fp:precise /Zc:wchar_t /Zc:forScope /Fo"Debug\\" /Fd"Debug\vc110.pdb" /TP /FU"C:\Users\Youssef Mostafa\Desktop\FastColoredTextBox-master\Binary\FastColoredTextBox.dll" /FU"C:\Program Files (x86)\Reference Assemblies\Microsoft\Framework\.NETFramework\v4.5\mscorlib.dll" /FU"C:\Program Files (x86)\Reference Assemblies\Microsoft\Framework\.NETFramework\v4.5\System.Data.dll" /FU"C:\Program Files (x86)\Reference Assemblies\Microsoft\Framework\.NETFramework\v4.5\System.Design.dll" /FU"C:\Program Files (x86)\Reference Assemblies\Microsoft\Framework\.NETFramework\v4.5\System.dll" /FU"C:\Program Files (x86)\Reference Assemblies\Microsoft\Framework\.NETFramework\v4.5\System.Drawing.dll" /FU"C:\Program Files (x86)\Reference Assemblies\Microsoft\Framework\.NETFramework\v4.5\System.Windows.Forms.dll" /FU"C:\Program Files (x86)\Reference Assemblies\Microsoft\Framework\.NETFramework\v4.5\System.Xml.dll" /analyze- /errorReport:prompt /clr:nostdlib MyForm.cpp
         MyForm.cpp
     1>c:\users\youssef mostafa\desktop\project7\project7\MyForm.h(588): warning C4101: 'f' : unreferenced local variable
     1>c:\users\youssef mostafa\desktop\project7\project7\MyForm.h(605): warning C4101: 'p' : unreferenced local variable
     1>c:\users\youssef mostafa\desktop\project7\project7\MyForm.h(604): warning C4101: 'f' : unreferenced local variable
     1>c:\users\youssef mostafa\desktop\project7\project7\MyForm.h(629): warning C4101: 'p' : unreferenced local variable
     1>c:\users\youssef mostafa\desktop\project7\project7\MyForm.h(628): warning C4101: 'f' : unreferenced local variable
     1>c:\users\youssef mostafa\desktop\project7\project7\MyForm.h(678): warning C4101: 'p' : unreferenced local variable
     1>c:\users\youssef mostafa\desktop\project7\project7\MyForm.h(677): warning C4101: 'f' : unreferenced local variable
     1>c:\users\youssef mostafa\desktop\project7\project7\MyForm.h(695): warning C4101: 'f' : unreferenced local variable
     1>c:\users\youssef mostafa\desktop\project7\project7\MyForm.h(717): warning C4101: 'p' : unreferenced local variable
     1>c:\users\youssef mostafa\desktop\project7\project7\MyForm.h(716): warning C4101: 'f' : unreferenced local variable
     1>MyForm.cpp(148): warning C4018: '<' : signed/unsigned mismatch
     1>MyForm.cpp(228): warning C4829: Possibly incorrect parameters to function main. Consider 'int main(Platform::Array<Platform::String^>^ argv)'
       Link:
         C:\Program Files (x86)\Microsoft Visual Studio 11.0\VC\bin\link.exe /ERRORREPORT:PROMPT /OUT:"C:\Users\Youssef Mostafa\Desktop\Project7\Debug\Project7.exe" /INCREMENTAL /NOLOGO /ASSEMBLYRESOURCE:Debug\Project7.MyForm.resources /MANIFEST /MANIFESTUAC:"level='asInvoker' uiAccess='false'" /manifest:embed /DEBUG /PDB:"C:\Users\Youssef Mostafa\Desktop\Project7\Debug\Project7.pdb" /ASSEMBLYDEBUG /SUBSYSTEM:WINDOWS /TLBID:1 /ENTRY:"main" /DYNAMICBASE /FIXED:NO /NXCOMPAT /MACHINE:X86 Debug\MyForm.obj
         "Debug\.NETFramework,Version=v4.5.AssemblyAttributes.obj"
         Project7.vcxproj -> C:\Users\Youssef Mostafa\Desktop\Project7\Debug\Project7.exe
     1>Done Building Project "C:\Users\Youssef Mostafa\Desktop\Project7\Project7\Project7.vcxproj" (Build target(s)).

Build succeeded.

Time Elapsed 00:00:05.50
